[debug] [2024-03-21T13:30:05.836Z] ----------------------------------------------------------------------
[debug] [2024-03-21T13:30:05.839Z] Command:       /Users/kondoriyo/.nodebrew/node/v18.3.0/bin/node /usr/local/bin/firebase init
[debug] [2024-03-21T13:30:05.840Z] CLI Version:   9.11.0
[debug] [2024-03-21T13:30:05.840Z] Platform:      darwin
[debug] [2024-03-21T13:30:05.840Z] Node Version:  v18.3.0
[debug] [2024-03-21T13:30:05.842Z] Time:          Thu Mar 21 2024 22:30:05 GMT+0900 (日本標準時)
[debug] [2024-03-21T13:30:05.842Z] ----------------------------------------------------------------------
[debug] 
[debug] [2024-03-21T13:30:05.846Z] >>> [apiv2][query] GET https://firebase-public.firebaseio.com/cli.json [none]
[debug] [2024-03-21T13:30:05.936Z] > command requires scopes: ["email","openid","https://www.googleapis.com/auth/cloudplatformprojects.readonly","https://www.googleapis.com/auth/firebase","https://www.googleapis.com/auth/cloud-platform"]
[debug] [2024-03-21T13:30:05.936Z] > authorizing via signed-in user (r1y0.tenten.1126@gmail.com)
[info] 
     ######## #### ########  ######## ########     ###     ######  ########
     ##        ##  ##     ## ##       ##     ##  ##   ##  ##       ##
     ######    ##  ########  ######   ########  #########  ######  ######
     ##        ##  ##    ##  ##       ##     ## ##     ##       ## ##
     ##       #### ##     ## ######## ########  ##     ##  ######  ########

You're about to initialize a Firebase project in this directory:

  /Users/kondoriyo/Documents/vue3_ecsite

[debug] [2024-03-21T13:30:06.492Z] <<< [apiv2][status] GET https://firebase-public.firebaseio.com/cli.json 200
[debug] [2024-03-21T13:30:06.493Z] <<< [apiv2][body] GET https://firebase-public.firebaseio.com/cli.json {"cloudBuildErrorAfter":1594252800000,"cloudBuildWarnAfter":1590019200000,"defaultNode10After":1594252800000,"minVersion":"3.0.5","node8DeploysDisabledAfter":1613390400000,"node8RuntimeDisabledAfter":1615809600000,"node8WarnAfter":1600128000000}
[info] 
=== Project Setup
[info] 
[info] First, let's associate this project directory with a Firebase project.
[info] You can create multiple project aliases by running firebase use --add, 
[info] but for now we'll just set up a default project.
[info] 
[debug] [2024-03-21T13:30:46.374Z] > refreshing access token with scopes: []
[debug] [2024-03-21T13:30:46.375Z] >>> HTTP REQUEST POST https://www.googleapis.com/oauth2/v3/token  
 <request body omitted>
[debug] [2024-03-21T13:30:46.655Z] <<< HTTP RESPONSE 400 {"expires":"Mon, 01 Jan 1990 00:00:00 GMT","cache-control":"no-cache, no-store, max-age=0, must-revalidate","date":"Thu, 21 Mar 2024 13:30:46 GMT","pragma":"no-cache","content-type":"application/json; charset=utf-8","vary":"X-Origin, Referer, Origin,Accept-Encoding","server":"scaffolding on HTTPServer2","x-xss-protection":"0","x-frame-options":"SAMEORIGIN","x-content-type-options":"nosniff","alt-svc":"h3=\":443\"; ma=2592000,h3-29=\":443\"; ma=2592000","accept-ranges":"none","transfer-encoding":"chunked"}
[debug] [2024-03-21T13:30:46.657Z] >>> [apiv2][query] GET https://firebase.googleapis.com/v1beta1/projects pageSize=100
[debug] [2024-03-21T13:30:46.950Z] <<< [apiv2][status] GET https://firebase.googleapis.com/v1beta1/projects 401
[debug] [2024-03-21T13:30:46.950Z] <<< [apiv2][body] GET https://firebase.googleapis.com/v1beta1/projects [omitted]
[debug] [2024-03-21T13:30:46.951Z] HTTP Error: 401, Request had invalid authentication credentials. Expected OAuth 2 access token, login cookie or other valid authentication credential. See https://developers.google.com/identity/sign-in/web/devconsole-project.
[debug] [2024-03-21T13:30:47.281Z] FirebaseError: HTTP Error: 401, Request had invalid authentication credentials. Expected OAuth 2 access token, login cookie or other valid authentication credential. See https://developers.google.com/identity/sign-in/web/devconsole-project.
    at module.exports (/Users/kondoriyo/.config/yarn/global/node_modules/firebase-tools/lib/responseToError.js:38:12)
    at Client.doRequest (/Users/kondoriyo/.config/yarn/global/node_modules/firebase-tools/lib/apiv2.js:238:23)
    at process.processTicksAndRejections (node:internal/process/task_queues:95:5)
    at async Client.request (/Users/kondoriyo/.config/yarn/global/node_modules/firebase-tools/lib/apiv2.js:96:20)
    at async getProjectPage (/Users/kondoriyo/.config/yarn/global/node_modules/firebase-tools/lib/management/projects.js:233:17)
    at async getFirebaseProjectPage (/Users/kondoriyo/.config/yarn/global/node_modules/firebase-tools/lib/management/projects.js:250:23)
    at async selectProjectInteractively (/Users/kondoriyo/.config/yarn/global/node_modules/firebase-tools/lib/management/projects.js:95:41)
    at async Object.doSetup [as project] (/Users/kondoriyo/.config/yarn/global/node_modules/firebase-tools/lib/init/features/project.js:87:27)
    at async init (/Users/kondoriyo/.config/yarn/global/node_modules/firebase-tools/lib/init/index.js:19:9)
[error] 
[error] Error: Failed to list Firebase projects. See firebase-debug.log for more info.
